<?xml version="1.0" encoding="UTF-8"?>
<!-- Generated by org.testng.reporters.JUnitReportReporter -->
<testsuite hostname="Ishans-MacBook-Pro.local" failures="0" tests="3" name="MerkleTreeTest" time="0.007" errors="0" timestamp="2022-01-08T12:08:38 AEDT" skipped="0">
  <testcase classname="MerkleTreeTest" name="testVerifyContent" time="0.000"/>
  <system-out/>
  <testcase classname="MerkleTreeTest" name="testMerklePath" time="0.007"/>
  <system-out/>
  <testcase classname="MerkleTreeTest" name="testVerifyTree" time="0.000"/>
  <system-out/>
</testsuite> <!-- MerkleTreeTest -->
